<?xml version="1.0" encoding="UTF-8"?>
<!-- Generated by org.testng.reporters.JUnitReportReporter -->
<testsuite hostname="LENOVO" failures="0" tests="1" name="com.NetBanking_v1.Suites.LoginSuite" time="3.434" errors="0" timestamp="2022-05-18T19:41:03 IST" skipped="0">
  <testcase classname="com.NetBanking_v1.Suites.LoginSuite" name="loginTest" time="3.434"/>
  <system-out/>
</testsuite> <!-- com.NetBanking_v1.Suites.LoginSuite -->
